<?xml version="1.0" encoding="UTF-8"?>
<testsuite name="src.TokenTest" tests="1" skipped="0" failures="0" errors="0" timestamp="2022-10-12T03:18:39" hostname="DESKTOP-EUS7C4G" time="0.035">
  <properties/>
  <testcase name="literal_with_ignore()" classname="src.TokenTest" time="0.035"/>
  <system-out><![CDATA[]]></system-out>
  <system-err><![CDATA[]]></system-err>
</testsuite>
